Compiled jquery.js  (7ms)  (pid 2489)
Compiled jquery_ujs.js  (0ms)  (pid 2489)
Compiled jquery-ui-1.8.18.custom.min.js  (3ms)  (pid 2489)
Compiled underscore.js  (1ms)  (pid 2489)
Compiled system_atlas.js  (0ms)  (pid 2489)
Compiled system_atlas_utility.js  (0ms)  (pid 2489)
Compiled system_atlas_views.js  (0ms)  (pid 2489)
Compiled application.js  (141ms)  (pid 2489)
Compiled jquery.js  (4ms)  (pid 2489)
Compiled jquery_ujs.js  (0ms)  (pid 2489)
Compiled jquery-ui-1.8.18.custom.min.js  (3ms)  (pid 2489)
Compiled underscore.js  (1ms)  (pid 2489)
Compiled system_atlas.js  (0ms)  (pid 2489)
Compiled system_atlas_utility.js  (0ms)  (pid 2489)
Compiled system_atlas_views.js  (1ms)  (pid 2489)
Compiled application.js  (111ms)  (pid 2489)
Compiled jquery.js  (4ms)  (pid 3172)
Compiled jquery_ujs.js  (0ms)  (pid 3172)
Compiled jquery-ui-1.8.18.custom.min.js  (3ms)  (pid 3172)
Compiled underscore.js  (0ms)  (pid 3172)
Compiled system_atlas.js  (0ms)  (pid 3172)
Compiled system_atlas_utility.js  (0ms)  (pid 3172)
Compiled system_atlas_views.js  (0ms)  (pid 3172)
Compiled application.js  (84ms)  (pid 3172)
Compiled global.css  (0ms)  (pid 3172)
Compiled scaffold.css  (0ms)  (pid 3172)
Compiled system_atlas.css  (4ms)  (pid 3172)
Compiled application.css  (18ms)  (pid 3172)
Compiled jquery.js  (4ms)  (pid 3349)
Compiled jquery_ujs.js  (0ms)  (pid 3349)
Compiled jquery-ui-1.8.18.custom.min.js  (3ms)  (pid 3349)
Compiled underscore.js  (0ms)  (pid 3349)
Compiled system_atlas.js  (0ms)  (pid 3349)
Compiled system_atlas_utility.js  (0ms)  (pid 3349)
Compiled system_atlas_views.js  (0ms)  (pid 3349)
Compiled application.js  (73ms)  (pid 3349)
Compiled global.css  (0ms)  (pid 3349)
Compiled scaffold.css  (0ms)  (pid 3349)
Compiled system_atlas.css  (4ms)  (pid 3349)
Compiled application.css  (17ms)  (pid 3349)
Compiled jquery.js  (4ms)  (pid 3349)
Compiled jquery_ujs.js  (0ms)  (pid 3349)
Compiled jquery-ui-1.8.18.custom.min.js  (3ms)  (pid 3349)
Compiled underscore.js  (1ms)  (pid 3349)
Compiled system_atlas.js  (2ms)  (pid 3349)
Compiled system_atlas_utility.js  (0ms)  (pid 3349)
Compiled system_atlas_views.js  (0ms)  (pid 3349)
Compiled application.js  (93ms)  (pid 3349)
Compiled global.css  (0ms)  (pid 3349)
Compiled scaffold.css  (0ms)  (pid 3349)
Compiled system_atlas.css  (3ms)  (pid 3349)
Compiled application.css  (14ms)  (pid 3349)
Compiled jquery.js  (4ms)  (pid 3367)
Compiled jquery_ujs.js  (0ms)  (pid 3367)
Compiled jquery-ui-1.8.18.custom.min.js  (3ms)  (pid 3367)
Compiled underscore.js  (1ms)  (pid 3367)
Compiled system_atlas.js  (0ms)  (pid 3367)
Compiled system_atlas_utility.js  (0ms)  (pid 3367)
Compiled system_atlas_views.js  (0ms)  (pid 3367)
Compiled application.js  (93ms)  (pid 3367)
Compiled global.css  (0ms)  (pid 3367)
Compiled scaffold.css  (0ms)  (pid 3367)
Compiled system_atlas.css  (5ms)  (pid 3367)
Compiled application.css  (20ms)  (pid 3367)
Compiled jquery.js  (4ms)  (pid 3367)
Compiled jquery_ujs.js  (0ms)  (pid 3367)
Compiled jquery-ui-1.8.18.custom.min.js  (3ms)  (pid 3367)
Compiled underscore.js  (0ms)  (pid 3367)
Compiled system_atlas.js  (0ms)  (pid 3367)
Compiled system_atlas_utility.js  (0ms)  (pid 3367)
Compiled system_atlas_views.js  (0ms)  (pid 3367)
Compiled application.js  (72ms)  (pid 3367)
Compiled global.css  (0ms)  (pid 3367)
Compiled scaffold.css  (0ms)  (pid 3367)
Compiled system_atlas.css  (4ms)  (pid 3367)
Compiled application.css  (14ms)  (pid 3367)
Compiled jquery.js  (4ms)  (pid 3385)
Compiled jquery_ujs.js  (0ms)  (pid 3385)
Compiled jquery-ui-1.8.18.custom.min.js  (3ms)  (pid 3385)
Compiled underscore.js  (1ms)  (pid 3385)
Compiled system_atlas.js  (0ms)  (pid 3385)
Compiled system_atlas_utility.js  (0ms)  (pid 3385)
Compiled system_atlas_views.js  (0ms)  (pid 3385)
Compiled application.js  (73ms)  (pid 3385)
Compiled global.css  (0ms)  (pid 3385)
Compiled scaffold.css  (0ms)  (pid 3385)
Compiled system_atlas.css  (4ms)  (pid 3385)
Compiled application.css  (15ms)  (pid 3385)
Compiled jquery.js  (4ms)  (pid 3410)
Compiled jquery_ujs.js  (0ms)  (pid 3410)
Compiled jquery-ui-1.8.18.custom.min.js  (2ms)  (pid 3410)
Compiled underscore.js  (1ms)  (pid 3410)
Compiled system_atlas.js  (0ms)  (pid 3410)
Compiled system_atlas_utility.js  (0ms)  (pid 3410)
Compiled system_atlas_views.js  (1ms)  (pid 3410)
Compiled application.js  (76ms)  (pid 3410)
Compiled global.css  (0ms)  (pid 3410)
Compiled scaffold.css  (0ms)  (pid 3410)
Compiled system_atlas.css  (3ms)  (pid 3410)
Compiled application.css  (14ms)  (pid 3410)
Compiled jquery.js  (4ms)  (pid 3410)
Compiled jquery_ujs.js  (1ms)  (pid 3410)
Compiled jquery-ui-1.8.18.custom.min.js  (3ms)  (pid 3410)
Compiled underscore.js  (1ms)  (pid 3410)
Compiled system_atlas.js  (0ms)  (pid 3410)
Compiled system_atlas_utility.js  (0ms)  (pid 3410)
Compiled system_atlas_views.js  (0ms)  (pid 3410)
Compiled application.js  (92ms)  (pid 3410)
Compiled global.css  (0ms)  (pid 3410)
Compiled scaffold.css  (0ms)  (pid 3410)
Compiled system_atlas.css  (4ms)  (pid 3410)
Compiled application.css  (16ms)  (pid 3410)
Compiled jquery-1.9.1.js  (4ms)  (pid 14045)
Compiled jquery-ui-1.8.18.custom.min.js  (4ms)  (pid 14045)
Compiled underscore-1.4.4.js  (1ms)  (pid 14045)
Compiled vendor.js  (75ms)  (pid 14045)
Compiled system_atlas.js  (0ms)  (pid 14045)
Compiled system_atlas_utility.js  (0ms)  (pid 14045)
Compiled system_atlas_views.js  (0ms)  (pid 14045)
Compiled application.js  (89ms)  (pid 14045)
Compiled bootstrap.css  (0ms)  (pid 14045)
Compiled system_atlas.css  (5ms)  (pid 14045)
Compiled application.css  (15ms)  (pid 14045)
Compiled jquery-1.9.1.js  (6ms)  (pid 14065)
Compiled jquery-ui-1.8.18.custom.min.js  (3ms)  (pid 14065)
Compiled underscore-1.4.4.js  (1ms)  (pid 14065)
Compiled vendor.js  (55ms)  (pid 14065)
Compiled system_atlas.js  (0ms)  (pid 14065)
Compiled system_atlas_utility.js  (0ms)  (pid 14065)
Compiled system_atlas_views.js  (0ms)  (pid 14065)
Compiled application.js  (70ms)  (pid 14065)
Compiled bootstrap.css  (0ms)  (pid 14065)
Compiled system_atlas.css  (6ms)  (pid 14065)
Compiled application.css  (17ms)  (pid 14065)
Compiled jquery-1.9.1.js  (4ms)  (pid 14076)
Compiled jquery-ui-1.8.18.custom.min.js  (3ms)  (pid 14076)
Compiled underscore-1.4.4.js  (1ms)  (pid 14076)
Compiled vendor.js  (74ms)  (pid 14076)
Compiled system_atlas.js  (0ms)  (pid 14076)
Compiled system_atlas_utility.js  (0ms)  (pid 14076)
Compiled system_atlas_views.js  (0ms)  (pid 14076)
Compiled application.js  (88ms)  (pid 14076)
Compiled bootstrap.css  (0ms)  (pid 14076)
Compiled system_atlas.css  (5ms)  (pid 14076)
Compiled application.css  (17ms)  (pid 14076)
Compiled jquery-1.9.1.js  (4ms)  (pid 14088)
Compiled jquery-ui-1.8.18.custom.min.js  (3ms)  (pid 14088)
Compiled underscore-1.4.4.js  (2ms)  (pid 14088)
Compiled vendor.js  (57ms)  (pid 14088)
Compiled system_atlas.js  (0ms)  (pid 14088)
Compiled system_atlas_utility.js  (0ms)  (pid 14088)
Compiled system_atlas_views.js  (0ms)  (pid 14088)
Compiled application.js  (73ms)  (pid 14088)
Compiled bootstrap.css  (0ms)  (pid 14088)
Compiled system_atlas.css  (5ms)  (pid 14088)
Compiled application.css  (15ms)  (pid 14088)
Compiled jquery-1.9.1.js  (4ms)  (pid 14088)
Compiled jquery-ui-1.8.18.custom.min.js  (3ms)  (pid 14088)
Compiled underscore-1.4.4.js  (1ms)  (pid 14088)
Compiled vendor.js  (52ms)  (pid 14088)
Compiled system_atlas.js  (0ms)  (pid 14088)
Compiled system_atlas_utility.js  (0ms)  (pid 14088)
Compiled system_atlas_views.js  (0ms)  (pid 14088)
Compiled application.js  (65ms)  (pid 14088)
Compiled bootstrap.css  (0ms)  (pid 14088)
Compiled system_atlas.css  (6ms)  (pid 14088)
Compiled application.css  (16ms)  (pid 14088)
Compiled jquery-1.9.1.js  (4ms)  (pid 14416)
Compiled jquery-ui-1.8.18.custom.min.js  (3ms)  (pid 14416)
Compiled underscore-1.4.4.js  (1ms)  (pid 14416)
Compiled vendor.js  (53ms)  (pid 14416)
Compiled system_atlas.js  (0ms)  (pid 14416)
Compiled system_atlas_utility.js  (0ms)  (pid 14416)
Compiled system_atlas_views.js  (0ms)  (pid 14416)
Compiled application.js  (68ms)  (pid 14416)
Compiled bootstrap.css  (0ms)  (pid 14416)
Compiled system_atlas.css  (5ms)  (pid 14416)
Compiled application.css  (18ms)  (pid 14416)
Compiled jquery-1.9.1.js  (4ms)  (pid 14416)
Compiled jquery-ui-1.8.18.custom.min.js  (3ms)  (pid 14416)
Compiled underscore-1.4.4.js  (0ms)  (pid 14416)
Compiled vendor.js  (55ms)  (pid 14416)
Compiled system_atlas.js  (0ms)  (pid 14416)
Compiled system_atlas_utility.js  (0ms)  (pid 14416)
Compiled system_atlas_views.js  (0ms)  (pid 14416)
Compiled application.js  (69ms)  (pid 14416)
Compiled bootstrap.css  (0ms)  (pid 14416)
Compiled system_atlas.css  (4ms)  (pid 14416)
Compiled application.css  (14ms)  (pid 14416)
Compiled jquery-1.9.1.js  (5ms)  (pid 15927)
Compiled jquery-ui-1.8.18.custom.min.js  (3ms)  (pid 15927)
Compiled underscore-1.4.4.js  (1ms)  (pid 15927)
Compiled vendor.js  (68ms)  (pid 15927)
Compiled system_atlas.js  (0ms)  (pid 15927)
Compiled system_atlas_utility.js  (0ms)  (pid 15927)
Compiled system_atlas_views.js  (0ms)  (pid 15927)
Compiled application.js  (86ms)  (pid 15927)
Compiled bootstrap.css  (1ms)  (pid 15927)
Compiled system_atlas.css  (6ms)  (pid 15927)
Compiled application.css  (37ms)  (pid 15927)
Compiled jquery-1.9.1.js  (7ms)  (pid 15927)
Compiled jquery-ui-1.8.18.custom.min.js  (9ms)  (pid 15927)
Compiled underscore-1.4.4.js  (1ms)  (pid 15927)
Compiled vendor.js  (101ms)  (pid 15927)
Compiled system_atlas.js  (0ms)  (pid 15927)
Compiled system_atlas_utility.js  (2ms)  (pid 15927)
Compiled system_atlas_views.js  (0ms)  (pid 15927)
Compiled application.js  (131ms)  (pid 15927)
Compiled bootstrap.css  (0ms)  (pid 15927)
Compiled system_atlas.css  (4ms)  (pid 15927)
Compiled application.css  (15ms)  (pid 15927)
